<?xml version="1.0" encoding="UTF-8"?>
<testng-results ignored="0" total="1" passed="1" failed="0" skipped="0">
  <reporter-output>
  </reporter-output>
  <suite started-at="2024-03-21T21:15:40 EDT" name="Suite" finished-at="2024-03-21T21:16:08 EDT" duration-ms="28009">
    <groups>
      <group name="ReggressionSuite">
        <method signature="CreateContactWithOrganizationTest.createContactWithOrgTest()[pri:0, instance:contactsTests.CreateContactWithOrganizationTest@61862a7f]" name="createContactWithOrgTest" class="contactsTests.CreateContactWithOrganizationTest"/>
      </group> <!-- ReggressionSuite -->
    </groups>
    <test started-at="2024-03-21T21:15:40 EDT" name="Test" finished-at="2024-03-21T21:16:08 EDT" duration-ms="28009">
      <class name="contactsTests.CreateContactWithOrganizationTest">
        <test-method is-config="true" signature="bsConfig()[pri:0, instance:contactsTests.CreateContactWithOrganizationTest@61862a7f]" started-at="2024-03-21T21:15:40 EDT" name="bsConfig" finished-at="2024-03-21T21:15:40 EDT" duration-ms="4" status="PASS">
          <reporter-output>
          </reporter-output>
        </test-method> <!-- bsConfig -->
        <test-method is-config="true" signature="bcConfig()[pri:0, instance:contactsTests.CreateContactWithOrganizationTest@61862a7f]" started-at="2024-03-21T21:15:40 EDT" name="bcConfig" finished-at="2024-03-21T21:15:43 EDT" duration-ms="2680" status="PASS">
          <reporter-output>
          </reporter-output>
        </test-method> <!-- bcConfig -->
        <test-method is-config="true" signature="bmConfig()[pri:0, instance:contactsTests.CreateContactWithOrganizationTest@61862a7f]" started-at="2024-03-21T21:15:43 EDT" name="bmConfig" finished-at="2024-03-21T21:15:46 EDT" duration-ms="2460" status="PASS">
          <reporter-output>
          </reporter-output>
        </test-method> <!-- bmConfig -->
        <test-method signature="createContactWithOrgTest()[pri:0, instance:contactsTests.CreateContactWithOrganizationTest@61862a7f]" started-at="2024-03-21T21:15:46 EDT" name="createContactWithOrgTest" finished-at="2024-03-21T21:16:04 EDT" duration-ms="18208" status="PASS">
          <reporter-output>
          </reporter-output>
        </test-method> <!-- createContactWithOrgTest -->
        <test-method is-config="true" signature="amConfig()[pri:0, instance:contactsTests.CreateContactWithOrganizationTest@61862a7f]" started-at="2024-03-21T21:16:04 EDT" name="amConfig" finished-at="2024-03-21T21:16:07 EDT" duration-ms="3367" status="PASS">
          <reporter-output>
          </reporter-output>
        </test-method> <!-- amConfig -->
        <test-method is-config="true" signature="acConfig()[pri:0, instance:contactsTests.CreateContactWithOrganizationTest@61862a7f]" started-at="2024-03-21T21:16:07 EDT" name="acConfig" finished-at="2024-03-21T21:16:08 EDT" duration-ms="1274" status="PASS">
          <reporter-output>
          </reporter-output>
        </test-method> <!-- acConfig -->
        <test-method is-config="true" signature="asConfig()[pri:0, instance:contactsTests.CreateContactWithOrganizationTest@61862a7f]" started-at="2024-03-21T21:16:08 EDT" name="asConfig" finished-at="2024-03-21T21:16:08 EDT" duration-ms="0" status="PASS">
          <reporter-output>
          </reporter-output>
        </test-method> <!-- asConfig -->
      </class> <!-- contactsTests.CreateContactWithOrganizationTest -->
    </test> <!-- Test -->
  </suite> <!-- Suite -->
</testng-results>
